<<<<<<< HEAD
This is pdfTeXk, Version 3.141592-1.40.3 (Web2C 7.5.6) (format=pdflatex 2012.10.9)  29 JAN 2013 21:54
=======
This is pdfTeXk, Version 3.141592-1.40.3 (Web2C 7.5.6) (format=pdflatex 2012.10.9)  29 JAN 2013 21:55
>>>>>>> d99a4ada9fba07bf7b2e38d016e6bf27062cbde9
entering extended mode
 %&-line parsing enabled.
**protocol.tex
(./protocol.tex
LaTeX2e <2005/12/01>
Babel <v3.8h> and hyphenation patterns for english, usenglishmax, dumylang, noh
yphenation, arabic, basque, bulgarian, coptic, welsh, czech, slovak, german, ng
erman, danish, esperanto, spanish, catalan, galician, estonian, farsi, finnish,
 french, greek, monogreek, ancientgreek, croatian, hungarian, interlingua, ibyc
us, indonesian, icelandic, italian, latin, mongolian, dutch, norsk, polish, por
tuguese, pinyin, romanian, russian, slovenian, uppersorbian, serbian, swedish, 
turkish, ukenglish, ukrainian, loaded.
(/usr/share/texmf/tex/latex/koma-script/scrreprt.cls
Document Class: scrreprt 2006/07/30 v2.95b KOMA-Script document class (report)
(/usr/share/texmf/tex/latex/koma-script/scrkbase.sty
Package: scrkbase 2006/07/30 v2.95b KOMA-Script package (basics and keyval use)


(/usr/share/texmf/tex/latex/koma-script/scrlfile.sty
Package: scrlfile 2006/03/28 v2.95 KOMA-Script package (loading files)

Package scrlfile, 2006/03/28 v2.95 KOMA-Script package (loading files)
                  Copyright (C) Markus Kohm

) (/usr/share/texmf/tex/latex/graphics/keyval.sty
Package: keyval 1999/03/16 v1.13 key=value parser (DPC)
\KV@toks@=\toks14
))
(/usr/share/texmf/tex/latex/base/size11.clo
File: size11.clo 2005/09/16 v1.4f Standard LaTeX file (size option)
)
(/usr/share/texmf/tex/latex/koma-script/typearea.sty
Package: typearea 2006/07/30 v2.95b KOMA-Script package (type area)

Package typearea, 2006/07/30 v2.95b KOMA-Script package (type area)
                  Copyright (C) Frank Neukam, 1992-1994
                  Copyright (C) Markus Kohm, 1994-2002

\ta@bcor=\skip41
\ta@div=\count79
\ta@hblk=\skip42
\ta@vblk=\skip43
\ta@temp=\skip44
Package typearea Info: These are the values describing the layout:
(typearea)             DIV  = 10
(typearea)             BCOR = 0.0pt
(typearea)             \paperwidth      = 597.50793pt
(typearea)              \textwidth      = 418.25555pt
(typearea)              DIV-departure   = -6/100
(typearea)              \evensidemargin = 17.3562pt
(typearea)              \oddsidemargin  = 17.3562pt
(typearea)             \paperheight     = 845.04694pt
(typearea)              \textheight     = 595.80026pt
(typearea)              \topmargin      = -25.16531pt
(typearea)              \headheight     = 17.0pt
(typearea)              \headsep        = 20.40001pt
(typearea)              \topskip        = 11.0pt
(typearea)              \footskip       = 47.60002pt
(typearea)              \baselineskip   = 13.6pt
(typearea)              on input line 832.
)
\c@part=\count80
\c@chapter=\count81
\c@section=\count82
\c@subsection=\count83
\c@subsubsection=\count84
\c@paragraph=\count85
\c@subparagraph=\count86
\abovecaptionskip=\skip45
\belowcaptionskip=\skip46
\c@pti@nb@sid@b@x=\box26
\c@figure=\count87
\c@table=\count88
\bibindent=\dimen102
) (/usr/share/texmf/tex/latex/listings/listings.sty
\lst@mode=\count89
\lst@gtempboxa=\box27
\lst@token=\toks15
\lst@length=\count90
\lst@currlwidth=\dimen103
\lst@column=\count91
\lst@pos=\count92
\lst@lostspace=\dimen104
\lst@width=\dimen105
\lst@newlines=\count93
\lst@lineno=\count94
\c@lstlisting=\count95
\lst@maxwidth=\dimen106

(/usr/share/texmf/tex/latex/listings/lstpatch.sty
File: lstpatch.sty 2004/10/17 1.3b (Carsten Heinz)
)
(/usr/share/texmf/tex/latex/listings/lstmisc.sty
File: lstmisc.sty 2004/09/07 1.3 (Carsten Heinz)
\c@lstnumber=\count96
\lst@skipnumbers=\count97
\lst@framebox=\box28
)
(/usr/share/texmf/tex/latex/listings/listings.cfg
File: listings.cfg 2004/09/05 1.3 listings configuration
))
Package: listings 2004/10/17 1.3b (Carsten Heinz)

(/usr/share/texmf/tex/latex/ltxmisc/underscore.sty
Package: underscore 2006/09/13
LaTeX Info: Redefining \_ on input line 42.
)
(/usr/share/texmf/tex/latex/multirow/multirow.sty
\bigstrutjot=\dimen107
)
(/usr/share/texmf/tex/latex/base/inputenc.sty
Package: inputenc 2006/05/05 v1.1b Input encoding file
\inpenc@prehook=\toks16
\inpenc@posthook=\toks17

(/usr/share/texmf/tex/latex/base/utf8.def
File: utf8.def 2006/03/30 v1.1i UTF-8 support for inputenc
Now handling font encoding OML ...
... no UTF-8 mapping file for font encoding OML
Now handling font encoding T1 ...
... processing UTF-8 mapping file for font encodingT1

(/usr/share/texmf/tex/latex/base/t1enc.dfu
File: t1enc.dfu 2006/03/30 v1.1i UTF-8 support for inputenc
   defining Unicode char U+00A1 (decimal 161)
   defining Unicode char U+00A3 (decimal 163)
   defining Unicode char U+00AB (decimal 171)
   defining Unicode char U+00BB (decimal 187)
   defining Unicode char U+00BF (decimal 191)
   defining Unicode char U+00C0 (decimal 192)
   defining Unicode char U+00C1 (decimal 193)
   defining Unicode char U+00C2 (decimal 194)
   defining Unicode char U+00C3 (decimal 195)
   defining Unicode char U+00C4 (decimal 196)
   defining Unicode char U+00C5 (decimal 197)
   defining Unicode char U+00C6 (decimal 198)
   defining Unicode char U+00C7 (decimal 199)
   defining Unicode char U+00C8 (decimal 200)
   defining Unicode char U+00C9 (decimal 201)
   defining Unicode char U+00CA (decimal 202)
   defining Unicode char U+00CB (decimal 203)
   defining Unicode char U+00CC (decimal 204)
   defining Unicode char U+00CD (decimal 205)
   defining Unicode char U+00CE (decimal 206)
   defining Unicode char U+00CF (decimal 207)
   defining Unicode char U+00D0 (decimal 208)
   defining Unicode char U+00D1 (decimal 209)
   defining Unicode char U+00D2 (decimal 210)
   defining Unicode char U+00D3 (decimal 211)
   defining Unicode char U+00D4 (decimal 212)
   defining Unicode char U+00D5 (decimal 213)
   defining Unicode char U+00D6 (decimal 214)
   defining Unicode char U+00D8 (decimal 216)
   defining Unicode char U+00D9 (decimal 217)
   defining Unicode char U+00DA (decimal 218)
   defining Unicode char U+00DB (decimal 219)
   defining Unicode char U+00DC (decimal 220)
   defining Unicode char U+00DD (decimal 221)
   defining Unicode char U+00DE (decimal 222)
   defining Unicode char U+00DF (decimal 223)
   defining Unicode char U+00E0 (decimal 224)
   defining Unicode char U+00E1 (decimal 225)
   defining Unicode char U+00E2 (decimal 226)
   defining Unicode char U+00E3 (decimal 227)
   defining Unicode char U+00E4 (decimal 228)
   defining Unicode char U+00E5 (decimal 229)
   defining Unicode char U+00E6 (decimal 230)
   defining Unicode char U+00E7 (decimal 231)
   defining Unicode char U+00E8 (decimal 232)
   defining Unicode char U+00E9 (decimal 233)
   defining Unicode char U+00EA (decimal 234)
   defining Unicode char U+00EB (decimal 235)
   defining Unicode char U+00EC (decimal 236)
   defining Unicode char U+00ED (decimal 237)
   defining Unicode char U+00EE (decimal 238)
   defining Unicode char U+00EF (decimal 239)
   defining Unicode char U+00F0 (decimal 240)
   defining Unicode char U+00F1 (decimal 241)
   defining Unicode char U+00F2 (decimal 242)
   defining Unicode char U+00F3 (decimal 243)
   defining Unicode char U+00F4 (decimal 244)
   defining Unicode char U+00F5 (decimal 245)
   defining Unicode char U+00F6 (decimal 246)
   defining Unicode char U+00F8 (decimal 248)
   defining Unicode char U+00F9 (decimal 249)
   defining Unicode char U+00FA (decimal 250)
   defining Unicode char U+00FB (decimal 251)
   defining Unicode char U+00FC (decimal 252)
   defining Unicode char U+00FD (decimal 253)
   defining Unicode char U+00FE (decimal 254)
   defining Unicode char U+00FF (decimal 255)
   defining Unicode char U+0102 (decimal 258)
   defining Unicode char U+0103 (decimal 259)
   defining Unicode char U+0104 (decimal 260)
   defining Unicode char U+0105 (decimal 261)
   defining Unicode char U+0106 (decimal 262)
   defining Unicode char U+0107 (decimal 263)
   defining Unicode char U+010C (decimal 268)
   defining Unicode char U+010D (decimal 269)
   defining Unicode char U+010E (decimal 270)
   defining Unicode char U+010F (decimal 271)
   defining Unicode char U+0110 (decimal 272)
   defining Unicode char U+0111 (decimal 273)
   defining Unicode char U+0118 (decimal 280)
   defining Unicode char U+0119 (decimal 281)
   defining Unicode char U+011A (decimal 282)
   defining Unicode char U+011B (decimal 283)
   defining Unicode char U+011E (decimal 286)
   defining Unicode char U+011F (decimal 287)
   defining Unicode char U+0130 (decimal 304)
   defining Unicode char U+0131 (decimal 305)
   defining Unicode char U+0132 (decimal 306)
   defining Unicode char U+0133 (decimal 307)
   defining Unicode char U+0139 (decimal 313)
   defining Unicode char U+013A (decimal 314)
   defining Unicode char U+013D (decimal 317)
   defining Unicode char U+013E (decimal 318)
   defining Unicode char U+0141 (decimal 321)
   defining Unicode char U+0142 (decimal 322)
   defining Unicode char U+0143 (decimal 323)
   defining Unicode char U+0144 (decimal 324)
   defining Unicode char U+0147 (decimal 327)
   defining Unicode char U+0148 (decimal 328)
   defining Unicode char U+014A (decimal 330)
   defining Unicode char U+014B (decimal 331)
   defining Unicode char U+0150 (decimal 336)
   defining Unicode char U+0151 (decimal 337)
   defining Unicode char U+0152 (decimal 338)
   defining Unicode char U+0153 (decimal 339)
   defining Unicode char U+0154 (decimal 340)
   defining Unicode char U+0155 (decimal 341)
   defining Unicode char U+0158 (decimal 344)
   defining Unicode char U+0159 (decimal 345)
   defining Unicode char U+015A (decimal 346)
   defining Unicode char U+015B (decimal 347)
   defining Unicode char U+015E (decimal 350)
   defining Unicode char U+015F (decimal 351)
   defining Unicode char U+0160 (decimal 352)
   defining Unicode char U+0161 (decimal 353)
   defining Unicode char U+0162 (decimal 354)
   defining Unicode char U+0163 (decimal 355)
   defining Unicode char U+0164 (decimal 356)
   defining Unicode char U+0165 (decimal 357)
   defining Unicode char U+016E (decimal 366)
   defining Unicode char U+016F (decimal 367)
   defining Unicode char U+0170 (decimal 368)
   defining Unicode char U+0171 (decimal 369)
   defining Unicode char U+0178 (decimal 376)
   defining Unicode char U+0179 (decimal 377)
   defining Unicode char U+017A (decimal 378)
   defining Unicode char U+017B (decimal 379)
   defining Unicode char U+017C (decimal 380)
   defining Unicode char U+017D (decimal 381)
   defining Unicode char U+017E (decimal 382)
   defining Unicode char U+200C (decimal 8204)
   defining Unicode char U+2013 (decimal 8211)
   defining Unicode char U+2014 (decimal 8212)
   defining Unicode char U+2018 (decimal 8216)
   defining Unicode char U+2019 (decimal 8217)
   defining Unicode char U+201A (decimal 8218)
   defining Unicode char U+201C (decimal 8220)
   defining Unicode char U+201D (decimal 8221)
   defining Unicode char U+201E (decimal 8222)
   defining Unicode char U+2030 (decimal 8240)
   defining Unicode char U+2031 (decimal 8241)
   defining Unicode char U+2039 (decimal 8249)
   defining Unicode char U+203A (decimal 8250)
   defining Unicode char U+2423 (decimal 9251)
)
Now handling font encoding OT1 ...
... processing UTF-8 mapping file for font encodingOT1

(/usr/share/texmf/tex/latex/base/ot1enc.dfu
File: ot1enc.dfu 2006/03/30 v1.1i UTF-8 support for inputenc
   defining Unicode char U+00A1 (decimal 161)
   defining Unicode char U+00A3 (decimal 163)
   defining Unicode char U+00B8 (decimal 184)
   defining Unicode char U+00BF (decimal 191)
   defining Unicode char U+00C5 (decimal 197)
   defining Unicode char U+00C6 (decimal 198)
   defining Unicode char U+00D8 (decimal 216)
   defining Unicode char U+00DF (decimal 223)
   defining Unicode char U+00E6 (decimal 230)
   defining Unicode char U+00EC (decimal 236)
   defining Unicode char U+00ED (decimal 237)
   defining Unicode char U+00EE (decimal 238)
   defining Unicode char U+00EF (decimal 239)
   defining Unicode char U+00F8 (decimal 248)
   defining Unicode char U+0131 (decimal 305)
   defining Unicode char U+0141 (decimal 321)
   defining Unicode char U+0142 (decimal 322)
   defining Unicode char U+0152 (decimal 338)
   defining Unicode char U+0153 (decimal 339)
   defining Unicode char U+2013 (decimal 8211)
   defining Unicode char U+2014 (decimal 8212)
   defining Unicode char U+2018 (decimal 8216)
   defining Unicode char U+2019 (decimal 8217)
   defining Unicode char U+201C (decimal 8220)
   defining Unicode char U+201D (decimal 8221)
)
Now handling font encoding OMS ...
... processing UTF-8 mapping file for font encodingOMS

(/usr/share/texmf/tex/latex/base/omsenc.dfu
File: omsenc.dfu 2006/03/30 v1.1i UTF-8 support for inputenc
   defining Unicode char U+00A7 (decimal 167)
   defining Unicode char U+00B6 (decimal 182)
   defining Unicode char U+00B7 (decimal 183)
   defining Unicode char U+2020 (decimal 8224)
   defining Unicode char U+2021 (decimal 8225)
   defining Unicode char U+2022 (decimal 8226)
)
Now handling font encoding OMX ...
... no UTF-8 mapping file for font encoding OMX
Now handling font encoding U ...
... no UTF-8 mapping file for font encoding U
   defining Unicode char U+00A9 (decimal 169)
   defining Unicode char U+00AA (decimal 170)
   defining Unicode char U+00AE (decimal 174)
   defining Unicode char U+00BA (decimal 186)
   defining Unicode char U+02C6 (decimal 710)
   defining Unicode char U+02DC (decimal 732)
   defining Unicode char U+200C (decimal 8204)
   defining Unicode char U+2026 (decimal 8230)
   defining Unicode char U+2122 (decimal 8482)
   defining Unicode char U+2423 (decimal 9251)
))
(/usr/share/texmf/tex/latex/xcolor/xcolor.sty
Package: xcolor 2007/01/21 v2.11 LaTeX color extensions (UK)

(/usr/share/texmf/tex/latex/config/color.cfg
File: color.cfg 2007/01/18 v1.5 color configuration of teTeX/TeXLive
)
Package xcolor Info: Driver file: pdftex.def on input line 225.

(/usr/share/texmf/tex/latex/pdftex-def/pdftex.def
File: pdftex.def 2007/01/08 v0.04d Graphics/color for pdfTeX
\Gread@gobject=\count98
)
Package xcolor Info: Model `cmy' substituted by `cmy0' on input line 1337.
Package xcolor Info: Model `hsb' substituted by `rgb' on input line 1341.
Package xcolor Info: Model `RGB' extended on input line 1353.
Package xcolor Info: Model `HTML' substituted by `rgb' on input line 1355.
Package xcolor Info: Model `Hsb' substituted by `hsb' on input line 1356.
Package xcolor Info: Model `tHsb' substituted by `hsb' on input line 1357.
Package xcolor Info: Model `HSB' substituted by `hsb' on input line 1358.
Package xcolor Info: Model `Gray' substituted by `gray' on input line 1359.
Package xcolor Info: Model `wave' substituted by `hsb' on input line 1360.
)
(/usr/share/texmf/tex/latex/tools/verbatim.sty
Package: verbatim 2003/08/22 v1.5q LaTeX2e package for verbatim enhancements
\every@verbatim=\toks18
\verbatim@line=\toks19
\verbatim@in@stream=\read1
)
(/usr/share/texmf/tex/latex/geometry/geometry.sty
Package: geometry 2002/07/08 v3.2 Page Geometry
\Gm@cnth=\count99
\Gm@cntv=\count100
\c@Gm@tempcnt=\count101
\Gm@bindingoffset=\dimen108
\Gm@wd@mp=\dimen109
\Gm@odd@mp=\dimen110
\Gm@even@mp=\dimen111
\Gm@dimlist=\toks20
)
(/usr/share/texmf/tex/latex/tools/longtable.sty
Package: longtable 2004/02/01 v4.11 Multi-page Table package (DPC)
\LTleft=\skip47
\LTright=\skip48
\LTpre=\skip49
\LTpost=\skip50
\LTchunksize=\count102
\LTcapwidth=\dimen112
\LT@head=\box29
\LT@firsthead=\box30
\LT@foot=\box31
\LT@lastfoot=\box32
\LT@cols=\count103
\LT@rows=\count104
\c@LT@tables=\count105
\c@LT@chunks=\count106
\LT@p@ftn=\toks21
)
Class scrreprt Info: longtable captions redefined on input line 13.

(/usr/share/texmf/tex/latex/booktabs/booktabs.sty
Package: booktabs 2005/03/16 v1.6180 publication quality tables
\heavyrulewidth=\dimen113
\lightrulewidth=\dimen114
\cmidrulewidth=\dimen115
\belowrulesep=\dimen116
\belowbottomsep=\dimen117
\aboverulesep=\dimen118
\abovetopsep=\dimen119
\cmidrulesep=\dimen120
\cmidrulekern=\dimen121
\defaultaddspace=\dimen122
\@cmidla=\count107
\@cmidlb=\count108
\@aboverulesep=\dimen123
\@belowrulesep=\dimen124
\@thisruleclass=\count109
\@lastruleclass=\count110
\@thisrulewidth=\dimen125
)
(/usr/share/texmf/tex/latex/tools/array.sty
Package: array 2005/08/23 v2.4b Tabular extension package (FMi)
\col@sep=\dimen126
\extrarowheight=\dimen127
\NC@list=\toks22
\extratabsurround=\skip51
\backup@length=\skip52
)
(/usr/share/texmf/tex/latex/paralist/paralist.sty
Package: paralist 2002/03/18 v2.3b Extended list environments (BS)
\pltopsep=\skip53
\plpartopsep=\skip54
\plitemsep=\skip55
\plparsep=\skip56
\pl@lab=\toks23
)
(/usr/share/texmf/tex/latex/subfig/subfig.sty
Package: subfig 2005/06/28 ver: 1.3 subfig package

(/usr/share/texmf/tex/latex/caption/caption.sty
Package: caption 2007/01/07 v3.0k Customising captions (AR)

(/usr/share/texmf/tex/latex/caption/caption3.sty
Package: caption3 2007/01/07 v3.0k caption3 kernel (AR)
\captionmargin=\dimen128
\captionmarginx=\dimen129
\captionwidth=\dimen130
\captionindent=\dimen131
\captionparindent=\dimen132
\captionhangindent=\dimen133
)
Package caption Info: listings package v1.2 (or newer) detected on input line 3
38.
Package caption Info: longtable package v3.15 (or newer) detected on input line
 359.
)
\c@KVtest=\count111
\sf@farskip=\skip57
\sf@captopadj=\dimen134
\sf@capskip=\skip58
\sf@nearskip=\skip59
\c@subfigure=\count112
\c@subfigure@save=\count113
\c@lofdepth=\count114
\c@subtable=\count115
\c@subtable@save=\count116
\c@lotdepth=\count117
\sf@top=\skip60
\sf@bottom=\skip61
)
(/usr/share/texmf/tex/latex/graphics/graphicx.sty
Package: graphicx 1999/02/16 v1.0f Enhanced LaTeX Graphics (DPC,SPQR)

(/usr/share/texmf/tex/latex/graphics/graphics.sty
Package: graphics 2006/02/20 v1.0o Standard LaTeX Graphics (DPC,SPQR)

(/usr/share/texmf/tex/latex/graphics/trig.sty
Package: trig 1999/03/16 v1.09 sin cos tan (DPC)
)
(/usr/share/texmf/tex/latex/config/graphics.cfg
File: graphics.cfg 2007/01/18 v1.5 graphics configuration of teTeX/TeXLive
)
Package graphics Info: Driver file: pdftex.def on input line 90.
)
\Gin@req@height=\dimen135
\Gin@req@width=\dimen136
)
(/usr/share/texmf/tex/latex/hyperref/hyperref.sty
Package: hyperref 2007/02/07 v6.75r Hypertext links for LaTeX
\@linkdim=\dimen137
\Hy@linkcounter=\count118
\Hy@pagecounter=\count119

(/usr/share/texmf/tex/latex/hyperref/pd1enc.def
File: pd1enc.def 2007/02/07 v6.75r Hyperref: PDFDocEncoding definition (HO)
Now handling font encoding PD1 ...
... no UTF-8 mapping file for font encoding PD1
)
(/usr/share/texmf/tex/latex/config/hyperref.cfg
File: hyperref.cfg 2002/06/06 v1.2 hyperref configuration of TeXLive
)
(/usr/share/texmf/tex/latex/oberdiek/kvoptions.sty
Package: kvoptions 2006/08/22 v2.4 Connects package keyval with LaTeX options (
HO)
)
Package hyperref Info: Hyper figures OFF on input line 2288.
Package hyperref Info: Link nesting OFF on input line 2293.
Package hyperref Info: Hyper index ON on input line 2296.
Package hyperref Info: Plain pages OFF on input line 2303.
Package hyperref Info: Backreferencing OFF on input line 2308.

Implicit mode ON; LaTeX internals redefined
Package hyperref Info: Bookmarks ON on input line 2444.
(/usr/share/texmf/tex/latex/html/url.sty
Package: url 1999/03/02  ver 1.4  Verb mode for urls, email addresses, and file
 names
)
LaTeX Info: Redefining \url on input line 2599.
\Fld@menulength=\count120
\Field@Width=\dimen138
\Fld@charsize=\dimen139
\Choice@toks=\toks24
\Field@toks=\toks25
Package hyperref Info: Hyper figures OFF on input line 3102.
Package hyperref Info: Link nesting OFF on input line 3107.
Package hyperref Info: Hyper index ON on input line 3110.
Package hyperref Info: backreferencing OFF on input line 3117.
Package hyperref Info: Link coloring OFF on input line 3122.
\Hy@abspage=\count121
\c@Item=\count122
\c@Hfootnote=\count123
)
*hyperref using default driver hpdftex*
(/usr/share/texmf/tex/latex/hyperref/hpdftex.def
File: hpdftex.def 2007/02/07 v6.75r Hyperref driver for pdfTeX
\Fld@listcount=\count124
)

Package hyperref Warning: Option `bookmarks' has already been used,
(hyperref)                setting the option has no effect on input line 34.

Package hyperref Info: Option `colorlinks' set `false' on input line 34.
(./protocol.aux)
\openout1 = `protocol.aux'.

LaTeX Font Info:    Checking defaults for OML/cmm/m/it on input line 90.
LaTeX Font Info:    ... okay on input line 90.
LaTeX Font Info:    Checking defaults for T1/cmr/m/n on input line 90.
LaTeX Font Info:    ... okay on input line 90.
LaTeX Font Info:    Checking defaults for OT1/cmr/m/n on input line 90.
LaTeX Font Info:    ... okay on input line 90.
LaTeX Font Info:    Checking defaults for OMS/cmsy/m/n on input line 90.
LaTeX Font Info:    ... okay on input line 90.
LaTeX Font Info:    Checking defaults for OMX/cmex/m/n on input line 90.
LaTeX Font Info:    ... okay on input line 90.
LaTeX Font Info:    Checking defaults for U/cmr/m/n on input line 90.
LaTeX Font Info:    ... okay on input line 90.
LaTeX Font Info:    Checking defaults for PD1/pdf/m/n on input line 90.
LaTeX Font Info:    ... okay on input line 90.
-------------------- Geometry parameters
paper: a4paper
landscape: --
twocolumn: --
twoside: --
asymmetric: --
h-parts: 72.26999pt, 452.9679pt, 72.26999pt
v-parts: 72.26999pt, 700.50687pt, 72.26999pt
hmarginratio: --
vmarginratio: --
lines: --
heightrounded: --
bindingoffset: 0.0pt
truedimen: --
includehead: --
includefoot: --
includemp: --
driver: pdftex
-------------------- Page layout dimensions and switches
\paperwidth  597.50787pt
\paperheight 845.04684pt
\textwidth  452.9679pt
\textheight 700.50687pt
\oddsidemargin  0.0pt
\evensidemargin 0.0pt
\topmargin  -37.40001pt
\headheight 17.0pt
\headsep    20.40001pt
\footskip   21.68121pt
\marginparwidth 59.7508pt
\marginparsep   12.8401pt
\columnsep  10.0pt
\skip\footins  10.0pt plus 4.0pt minus 2.0pt
\hoffset 0.0pt
\voffset 0.0pt
\mag 1000

(1in=72.27pt, 1cm=28.45pt)
-----------------------
 (/usr/share/texmf/tex/latex/ragged2e/ragged2e.sty
Package: ragged2e 2003/03/25 v2.04 ragged2e Package (MS)

(/usr/share/texmf/tex/latex/everysel/everysel.sty
Package: everysel 1999/06/08 v1.03 EverySelectfont Package (MS)
LaTeX Info: Redefining \selectfont on input line 125.
)
\CenteringLeftskip=\skip62
\RaggedLeftLeftskip=\skip63
\RaggedRightLeftskip=\skip64
\CenteringRightskip=\skip65
\RaggedLeftRightskip=\skip66
\RaggedRightRightskip=\skip67
\CenteringParfillskip=\skip68
\RaggedLeftParfillskip=\skip69
\RaggedRightParfillskip=\skip70
\JustifyingParfillskip=\skip71
\CenteringParindent=\skip72
\RaggedLeftParindent=\skip73
\RaggedRightParindent=\skip74
\JustifyingParindent=\skip75
)
Package caption Info: KOMA-Script class detected on input line 90.
Package caption Info: hyperref package v6.74m (or newer) detected on input line
 90.
Package caption Info: subref 1.2 or 1.3 detected on input line 90.
LaTeX Info: Redefining \subref on input line 90.
Package hyperref Info: Link coloring OFF on input line 90.

(/usr/share/texmf/tex/latex/hyperref/nameref.sty
Package: nameref 2006/12/27 v2.28 Cross-referencing by name of section

(/usr/share/texmf/tex/latex/oberdiek/refcount.sty
Package: refcount 2006/02/20 v3.0 Data extraction from references (HO)
)
\c@section@level=\count125
)
LaTeX Info: Redefining \ref on input line 90.
LaTeX Info: Redefining \pageref on input line 90.
 (./protocol.out)
(./protocol.out)
\@outlinefile=\write3
\openout3 = `protocol.out'.


Overfull \hbox (2.27618pt too wide) in paragraph at lines 92--92
 []
 []


Overfull \hbox (2.27618pt too wide) in paragraph at lines 92--92
 [][]
 []

LaTeX Font Info:    External font `cmex10' loaded for size
(Font)              <14.4> on input line 92.
LaTeX Font Info:    External font `cmex10' loaded for size
(Font)              <7> on input line 92.
[1


{/usr/share/texmf/fonts/map/pdftex/updmap/pdftex.map}] (./protocol.toc
LaTeX Font Info:    External font `cmex10' loaded for size
(Font)              <10.95> on input line 2.
LaTeX Font Info:    External font `cmex10' loaded for size
(Font)              <8> on input line 2.
LaTeX Font Info:    External font `cmex10' loaded for size
(Font)              <6> on input line 2.

[2

])
\tf@toc=\write4
\openout4 = `protocol.toc'.

 [3]
Chapter 1.
LaTeX Font Info:    Try loading font information for OMS+cmr on input line 104.

(/usr/share/texmf/tex/latex/base/omscmr.fd
File: omscmr.fd 1999/05/25 v2.5h Standard LaTeX font definitions
)
LaTeX Font Info:    Font shape `OMS/cmr/m/n' in size <10.95> not available
(Font)              Font shape `OMS/cmsy/m/n' tried instead on input line 104.
 [4


] [5]
Overfull \hbox (5.5497pt too wide) in paragraph at lines 293--303
[][] 
 []

[6] <figures/gantt.png, id=423, 884.30376pt x 1009.7725pt>
File: figures/gantt.png Graphic file (type png)

<use figures/gantt.png> [7] [8 <./figures/gantt.png>]
Chapter 2.
[9

] [10] [11]
Chapter 3.
<figures/global.png, id=485, 1253.68375pt x 533.995pt>
File: figures/global.png Graphic file (type png)

<use figures/global.png>
Overfull \hbox (48.49672pt too wide) in paragraph at lines 464--465
[][] 
 []

(/usr/share/texmf/tex/latex/listings/lstlang1.sty
File: lstlang1.sty 2004/09/05 1.3 listings language file
)
(/usr/share/texmf/tex/latex/listings/lstmisc.sty
File: lstmisc.sty 2004/09/07 1.3 (Carsten Heinz)
<<<<<<< HEAD
) [12

 <./figures/global.png (PNG copy)>] [13] <figures/exelayer.png, id=520, 789.951
=======
)
LaTeX Font Info:    Try loading font information for OMS+cmr on input line 489.


(/usr/share/texmf/tex/latex/base/omscmr.fd
File: omscmr.fd 1999/05/25 v2.5h Standard LaTeX font definitions
)
LaTeX Font Info:    Font shape `OMS/cmr/m/n' in size <10.95> not available
(Font)              Font shape `OMS/cmsy/m/n' tried instead on input line 489.
 [12

 <./figures/global.png (PNG copy)>] [13] <figures/exelayer.png, id=536, 789.951
>>>>>>> d99a4ada9fba07bf7b2e38d016e6bf27062cbde9
25pt x 575.14874pt>
File: figures/exelayer.png Graphic file (type png)

<use figures/exelayer.png>
<<<<<<< HEAD
LaTeX Font Info:    Font shape `OMS/cmr/m/it' in size <10.95> not available
(Font)              Font shape `OMS/cmsy/m/n' tried instead on input line 580.

Overfull \hbox (13.50696pt too wide) in paragraph at lines 629--630
=======
Overfull \hbox (13.50696pt too wide) in paragraph at lines 630--631
>>>>>>> d99a4ada9fba07bf7b2e38d016e6bf27062cbde9
[][][][][][][][][][][][][] 
 []

[14 <./figures/exelayer.png (PNG copy)>] [15] [16]
Overfull \hbox (17.05612pt too wide) in paragraph at lines 749--750
[] \OT1/cmtt/m/n/10.95 void DISPLAY_-string(uint8_-t x, uint8_-t y, uint16_-t f
ont_-color, uint16_-t bg_-
 []

[17] <figures/scheduler.png, id=585, 791.95876pt x 577.15625pt>
File: figures/scheduler.png Graphic file (type png)

<use figures/scheduler.png> [18 <./figures/scheduler.png (PNG copy)>]
Underfull \hbox (badness 10000) in paragraph at lines 910--910
[]|\OT1/cmtt/m/n/10.95 reg_-0 $\OMS/cmsy/m/n/10.95 ^^T$ \OT1/cmtt/m/n/10.95 reg
_-d $\OMS/cmsy/m/n/10.95 ^^T$ \OT1/cmtt/m/n/10.95 reg_-12,
 []


Overfull \hbox (14.1983pt too wide) in paragraph at lines 905--917
[] 
 []


Underfull \hbox (badness 10000) in paragraph at lines 939--939
[]|\OT1/cmtt/m/n/10.95 reg_-0 $\OMS/cmsy/m/n/10.95 ^^T$ \OT1/cmtt/m/n/10.95 reg
_-r $\OMS/cmsy/m/n/10.95 ^^T$ \OT1/cmtt/m/n/10.95 reg_-12,
 []


Overfull \hbox (14.1983pt too wide) in paragraph at lines 934--946
[] 
 []

[19]
Underfull \hbox (badness 10000) in paragraph at lines 973--973
[]|\OT1/cmtt/m/n/10.95 reg_-0 $\OMS/cmsy/m/n/10.95 ^^T$ \OT1/cmtt/m/n/10.95 reg
_-m $\OMS/cmsy/m/n/10.95 ^^T$ \OT1/cmtt/m/n/10.95 reg_-12,
 []


Overfull \hbox (14.1983pt too wide) in paragraph at lines 968--980
[] 
 []


Underfull \hbox (badness 10000) in paragraph at lines 1002--1002
[]|\OT1/cmtt/m/n/10.95 reg_-0 $\OMS/cmsy/m/n/10.95 ^^T$ \OT1/cmtt/m/n/10.95 reg
_-m $\OMS/cmsy/m/n/10.95 ^^T$ \OT1/cmtt/m/n/10.95 reg_-12,
 []


Overfull \hbox (14.1983pt too wide) in paragraph at lines 997--1009
[] 
 []


Underfull \hbox (badness 10000) in paragraph at lines 1038--1038
[]|\OT1/cmtt/m/n/10.95 reg_-0 $\OMS/cmsy/m/n/10.95 ^^T$ \OT1/cmtt/m/n/10.95 reg
_-d $\OMS/cmsy/m/n/10.95 ^^T$ \OT1/cmtt/m/n/10.95 reg_-12,
 []


Overfull \hbox (14.1983pt too wide) in paragraph at lines 1033--1045
[] 
 []


Underfull \hbox (badness 10000) in paragraph at lines 1067--1067
[]|\OT1/cmtt/m/n/10.95 reg_-0 $\OMS/cmsy/m/n/10.95 ^^T$ \OT1/cmtt/m/n/10.95 reg
_-d $\OMS/cmsy/m/n/10.95 ^^T$ \OT1/cmtt/m/n/10.95 reg_-12,
 []


Overfull \hbox (14.1983pt too wide) in paragraph at lines 1062--1074
[] 
 []

[20]
Underfull \hbox (badness 10000) in paragraph at lines 1102--1102
[]|\OT1/cmtt/m/n/10.95 reg_-0 $\OMS/cmsy/m/n/10.95 ^^T$ \OT1/cmtt/m/n/10.95 reg
_-d $\OMS/cmsy/m/n/10.95 ^^T$ \OT1/cmtt/m/n/10.95 reg_-12,
 []


Overfull \hbox (14.1983pt too wide) in paragraph at lines 1097--1109
[] 
 []


Underfull \hbox (badness 10000) in paragraph at lines 1131--1131
[]|\OT1/cmtt/m/n/10.95 reg_-0 $\OMS/cmsy/m/n/10.95 ^^T$ \OT1/cmtt/m/n/10.95 reg
_-d $\OMS/cmsy/m/n/10.95 ^^T$ \OT1/cmtt/m/n/10.95 reg_-12,
 []


Overfull \hbox (14.1983pt too wide) in paragraph at lines 1126--1138
[] 
 []


Overfull \hbox (9.42575pt too wide) in paragraph at lines 1162--1169
[] 
 []


Overfull \hbox (9.42575pt too wide) in paragraph at lines 1192--1199
[] 
 []

[21]
Underfull \hbox (badness 2608) in paragraph at lines 1228--1229
[]|\OT1/cmtt/m/n/10.95 PC = PC + offset +1 \OT1/cmr/m/n/10.95 if \OT1/cmtt/m/n/
10.95 reg_-0 = -1\OT1/cmr/m/n/10.95 ,
 []


Overfull \hbox (23.87953pt too wide) in paragraph at lines 1224--1231
[] 
 []


Underfull \hbox (badness 10000) in paragraph at lines 1267--1267
[]|\OT1/cmtt/m/n/10.95 reg_-0 $\OMS/cmsy/m/n/10.95 ^^T$ \OT1/cmtt/m/n/10.95 reg
_-d $\OMS/cmsy/m/n/10.95 ^^T$ \OT1/cmtt/m/n/10.95 reg_-12,
 []


Underfull \hbox (badness 10000) in paragraph at lines 1296--1296
[]|\OT1/cmtt/m/n/10.95 reg_-0 $\OMS/cmsy/m/n/10.95 ^^T$ \OT1/cmtt/m/n/10.95 reg
_-d $\OMS/cmsy/m/n/10.95 ^^T$ \OT1/cmtt/m/n/10.95 reg_-12,
 []

[22]
Overfull \hbox (52.78708pt too wide) in paragraph at lines 1417--1430
[] 
 []


Overfull \hbox (31.10587pt too wide) in paragraph at lines 1453--1466
[] 
 []

[23]
Underfull \hbox (badness 10000) in paragraph at lines 1494--1494
[]|\OT1/cmtt/m/n/10.95 reg_-0 $\OMS/cmsy/m/n/10.95 ^^T$ \OT1/cmtt/m/n/10.95 reg
_-d $\OMS/cmsy/m/n/10.95 ^^T$ \OT1/cmtt/m/n/10.95 reg_-12,
 []


Underfull \hbox (badness 10000) in paragraph at lines 1525--1525
[]|\OT1/cmtt/m/n/10.95 reg_-0 $\OMS/cmsy/m/n/10.95 ^^T$ \OT1/cmtt/m/n/10.95 reg
_-d $\OMS/cmsy/m/n/10.95 ^^T$ \OT1/cmtt/m/n/10.95 reg_-12,
 []


Overfull \hbox (16.65208pt too wide) in paragraph at lines 1552--1564
[] 
 []


Overfull \hbox (16.65208pt too wide) in paragraph at lines 1586--1598
[] 
 []

[24]
Underfull \hbox (badness 10000) in paragraph at lines 1626--1626
[]|\OT1/cmtt/m/n/10.95 reg_-0 $\OMS/cmsy/m/n/10.95 ^^T$ \OT1/cmtt/m/n/10.95 reg
_-d $\OMS/cmsy/m/n/10.95 ^^T$ \OT1/cmtt/m/n/10.95 reg_-12,
 []


Underfull \hbox (badness 10000) in paragraph at lines 1730--1730
[]|\OT1/cmtt/m/n/10.95 setservice service_-id,
 []


Underfull \hbox (badness 10000) in paragraph at lines 1730--1730
[]|\OT1/cmtt/m/n/10.95 service_-0 $\OMS/cmsy/m/n/10.95 ^^T$ \OT1/cmtt/m/n/10.95
 service_-id $\OMS/cmsy/m/n/10.95 ^^T$ \OT1/cmtt/m/n/10.95 service_-255,
 []


Overfull \hbox (31.10585pt too wide) in paragraph at lines 1725--1733
[] 
 []

[25]
Overfull \hbox (23.87842pt too wide) in paragraph at lines 1756--1764
[] 
 []

[26] [27]
Chapter 4.

Underfull \hbox (badness 10000) in paragraph at lines 2075--2083

 []


Underfull \hbox (badness 10000) in paragraph at lines 2096--2099

 []


Underfull \hbox (badness 10000) in paragraph at lines 2122--2126

 []

[28

]
Underfull \hbox (badness 10000) in paragraph at lines 2161--2163

 []

LaTeX Font Info:    Try loading font information for OML+cmr on input line 2172
.
(/usr/share/texmf/tex/latex/base/omlcmr.fd
File: omlcmr.fd 1999/05/25 v2.5h Standard LaTeX font definitions
)
LaTeX Font Info:    Font shape `OML/cmr/m/n' in size <10.95> not available
(Font)              Font shape `OML/cmm/m/it' tried instead on input line 2172.


Underfull \hbox (badness 10000) in paragraph at lines 2206--2210

 []


Underfull \hbox (badness 10000) in paragraph at lines 2211--2214

 []


Underfull \hbox (badness 10000) in paragraph at lines 2248--2250

 []


Underfull \hbox (badness 10000) in paragraph at lines 2286--2289

 []


Underfull \hbox (badness 10000) in paragraph at lines 2290--2293

 []

[29]
Underfull \hbox (badness 10000) in paragraph at lines 2294--2298

 []


Underfull \hbox (badness 10000) in paragraph at lines 2321--2325

 []


Underfull \hbox (badness 10000) in paragraph at lines 2321--2325

 []


Underfull \hbox (badness 10000) in paragraph at lines 2344--2347

 []

[30]

LaTeX Warning: Text page 31 contains only floats.


Overfull \vbox (2.65277pt too high) has occurred while \output is active []


[31]
Underfull \hbox (badness 10000) in paragraph at lines 2350--2354

 []


Underfull \hbox (badness 10000) in paragraph at lines 2373--2375

 []

[32]
Underfull \hbox (badness 10000) in paragraph at lines 2376--2381

 []

[33] [34]
Chapter 5.
[35

]
Chapter 6.

<<<<<<< HEAD
Overfull \hbox (2.88576pt too wide) in paragraph at lines 2544--2550
=======
Overfull \hbox (2.88576pt too wide) in paragraph at lines 2545--2551
>>>>>>> d99a4ada9fba07bf7b2e38d016e6bf27062cbde9
[]\OT1/cmr/m/n/10.95 For ac-cess-ing the se-rial port the fol-low-ing com-po-ne
nts could be used: \OT1/cmtt/m/n/10.95 UARTByte, UARTStream,
 []

[36

] [37] [38]
Chapter 7.
(./protocol.bbl [39

]) [40

]
Appendix A.

! Package Listings Error: Option `upquote' requires `textcomp'package.
(Listings)                The option has been disabled.

See the Listings package documentation for explanation.
Type  H <return>  for immediate help.
 ...                                              
                                                  
l.2783  }
         
? 
(./src/platform.h
LaTeX Font Info:    Font shape `OMS/cmr/m/n' in size <10> not available
(Font)              Font shape `OMS/cmsy/m/n' tried instead on input line 1.
LaTeX Font Info:    External font `cmex10' loaded for size
(Font)              <5> on input line 1.
LaTeX Font Info:    Font shape `OT1/cmtt/bx/n' in size <10> not available
(Font)              Font shape `OT1/cmtt/m/n' tried instead on input line 8.
LaTeX Font Info:    Font shape `OML/cmr/m/n' in size <10> not available
(Font)              Font shape `OML/cmm/m/it' tried instead on input line 11.
<<<<<<< HEAD
=======
LaTeX Font Info:    Font shape `OMS/cmr/m/n' in size <10> not available
(Font)              Font shape `OMS/cmsy/m/n' tried instead on input line 39.
>>>>>>> d99a4ada9fba07bf7b2e38d016e6bf27062cbde9
 [41

] [42]) (./src/platform.c [43] [44] [45] [46] [47])
(./src/scheduler.h [48]) (./src/scheduler.c [49]) (./src/hwlayer.h)
(./src/exelayer.h [50] [51]) (./src/exelayer.c [52] [53] [54] [55] [56]
<<<<<<< HEAD
[57] [58] [59] [60] [61] [62] [63]) (./src/commlayer.h [64] [65] [66] [67]
[68]) (./src/commlayer.c [69] [70] [71] [72] [73] [74])
(/usr/share/texmf/tex/latex/listings/lstlang1.sty
File: lstlang1.sty 2004/09/05 1.3 listings language file
) (./src/asmagent [75]
[76] [77] [78] [79] [80]) (./src/protocol0.h [81]) [82] (./src/protocol0.c
[83] [84] [85] [86]) [87] [88] (./protocol.aux) ) 
Here is how much of TeX's memory you used:
 11404 strings out of 256216
 164114 string characters out of 1917072
 347185 words of memory out of 1500000
 11519 multiletter control sequences out of 10000+200000
 11252 words of font info for 40 fonts, out of 1200000 for 2000
 645 hyphenation exceptions out of 8191
 46i,9n,49p,489b,1824s stack positions out of 5000i,500n,6000p,200000b,15000s
</usr/share/texmf/fonts/type1/
bluesky/cm/cmbx10.pfb></usr/share/texmf/fonts/type1/bluesky/cm/cmmi10.pfb></usr
/share/texmf/fonts/type1/bluesky/cm/cmr10.pfb></usr/share/texmf/fonts/type1/blu
esky/cm/cmr12.pfb></usr/share/texmf/fonts/type1/bluesky/cm/cmr9.pfb></usr/share
/texmf/fonts/type1/bluesky/cm/cmssbx10.pfb></usr/share/texmf/fonts/type1/bluesk
y/cm/cmsy10.pfb></usr/share/texmf/fonts/type1/bluesky/cm/cmti10.pfb></usr/share
/texmf/fonts/type1/bluesky/cm/cmtt10.pfb>
Output written on protocol.pdf (88 pages, 949599 bytes).
PDF statistics:
 4299 PDF objects out of 5155 (max. 8388607)
 3042 named destinations out of 3580 (max. 131072)
 621 words of extra memory for PDF output out of 10000 (max. 10000000)
=======
[57] [58] [59] [60] [61] [62]
LaTeX Font Info:    Try loading font information for TS1+cmtt on input line 618
.
 (/usr/share/texmf/tex/latex/base/ts1cmtt.fd
File: ts1cmtt.fd 1999/05/25 v2.5h Standard LaTeX font definitions
)
[63]) (./src/commlayer.h [64] [65] [66] [67] [68]) (./src/commlayer.c [69]
[70] [71] [72] [73] [74]) (/usr/share/texmf/tex/latex/listings/lstlang1.sty
File: lstlang1.sty 2004/09/05 1.3 listings language file
)
(./src/asmagent [75] [76] [77] [78] [79] [80]) (./src/protocol0.h [81])
[82] (./src/protocol0.c [83] [84] [85] [86]) [87] [88] (./protocol.aux) ) 
Here is how much of TeX's memory you used:
 11923 strings out of 256216
 171935 string characters out of 1917072
 349903 words of memory out of 1500000
 12017 multiletter control sequences out of 10000+200000
 12606 words of font info for 44 fonts, out of 1200000 for 2000
 645 hyphenation exceptions out of 8191
 46i,9n,49p,489b,1824s stack positions out of 5000i,500n,6000p,200000b,15000s
 </hom
es/r1228206/.texlive2007/texmf-var/fonts/pk/ljfour/jknappen/ec/tctt1000.600pk> 
</homes/r1228206/.texlive2007/texmf-var/fonts/pk/ljfour/jknappen/ec/tcrm1000.60
0pk> </homes/r1228206/.texlive2007/texmf-var/fonts/pk/ljfour/jknappen/ec/tcti10
95.600pk> </homes/r1228206/.texlive2007/texmf-var/fonts/pk/ljfour/jknappen/ec/t
crm1095.600pk></usr/share/texmf/fonts/type1/bluesky/cm/cmbx10.pfb></usr/share/t
exmf/fonts/type1/bluesky/cm/cmmi10.pfb></usr/share/texmf/fonts/type1/bluesky/cm
/cmr10.pfb></usr/share/texmf/fonts/type1/bluesky/cm/cmr12.pfb></usr/share/texmf
/fonts/type1/bluesky/cm/cmr9.pfb></usr/share/texmf/fonts/type1/bluesky/cm/cmssb
x10.pfb></usr/share/texmf/fonts/type1/bluesky/cm/cmsy10.pfb></usr/share/texmf/f
onts/type1/bluesky/cm/cmti10.pfb></usr/share/texmf/fonts/type1/bluesky/cm/cmtt1
0.pfb>
Output written on protocol.pdf (88 pages, 933393 bytes).
PDF statistics:
 4338 PDF objects out of 5155 (max. 8388607)
 3045 named destinations out of 3580 (max. 131072)
 645 words of extra memory for PDF output out of 10000 (max. 10000000)
>>>>>>> d99a4ada9fba07bf7b2e38d016e6bf27062cbde9

