\BOOKMARK [0][-]{chapter.1}{Project Outline}{}
\BOOKMARK [1][-]{section.1.1}{Organization}{chapter.1}
\BOOKMARK [1][-]{section.1.2}{Project Description}{chapter.1}
\BOOKMARK [1][-]{section.1.3}{Workpackages}{chapter.1}
\BOOKMARK [1][-]{section.1.4}{Milestones and timeplan}{chapter.1}
\BOOKMARK [0][-]{chapter.2}{Requirements}{}
\BOOKMARK [0][-]{chapter.3}{Specification and design}{}
\BOOKMARK [0][-]{chapter.4}{Implementation}{}
\BOOKMARK [0][-]{chapter.5}{Validation}{}
\BOOKMARK [0][-]{chapter.6}{Results and future plans}{}
\BOOKMARK [1][-]{section.6.1}{Purpose}{chapter.6}
\BOOKMARK [1][-]{section.6.2}{Definitions, Acronyms, and Abbreviations}{chapter.6}
\BOOKMARK [1][-]{section.6.3}{Background}{chapter.6}
\BOOKMARK [0][-]{chapter.7}{Requirements}{}
\BOOKMARK [0][-]{chapter.8}{Specification}{}
\BOOKMARK [1][-]{section.8.1}{General}{chapter.8}
\BOOKMARK [1][-]{section.8.2}{Virtualization Platform}{chapter.8}
\BOOKMARK [1][-]{section.8.3}{Execution Layer}{chapter.8}
\BOOKMARK [1][-]{section.8.4}{Hardware Services}{chapter.8}
\BOOKMARK [1][-]{section.8.5}{Communication Layer}{chapter.8}
\BOOKMARK [1][-]{section.8.6}{Scheduler}{chapter.8}
\BOOKMARK [1][-]{section.8.7}{Agent language}{chapter.8}
\BOOKMARK [2][-]{subsection.8.7.1}{Agent language \(Assembler level\)}{section.8.7}
\BOOKMARK [1][-]{section.8.8}{Communication Architecture}{chapter.8}
\BOOKMARK [2][-]{subsection.8.8.1}{Hardware}{section.8.8}
\BOOKMARK [2][-]{subsection.8.8.2}{Distributed Control}{section.8.8}
\BOOKMARK [2][-]{subsection.8.8.3}{Code Mobility}{section.8.8}
\BOOKMARK [2][-]{subsection.8.8.4}{Addressing Scheme}{section.8.8}
\BOOKMARK [2][-]{subsection.8.8.5}{Communication Interface}{section.8.8}
\BOOKMARK [0][-]{chapter.9}{Implementation timetable}{}
